5
17
18
42
122
6
72
5
57
33
38
92
101
10
68
32
25
6
9
0
43
25
22
21
13
30
41
2
90
56
71
129
22
46
118
0
89
2
125
171
64
30
58
0
0
34
51
73
46
0
11
129
5
29
13
124
27
0
46
53
44
98
156
26
138
20
1
0
49
33
68
46
54
15
43
101
0
141
33
18
68
37
11
8
28
3
15
0
27
71
0
141
3
1
111
104
103
39
10
1
169
7
156
142
5
108
0
2
88
0
83
164
1
2
97
106
104
48
41
2
22
59
0
49
144
1
50
76
42
61
115
81
107
0
69
24
3
3
130
46
69
36
30
0
2
117
104
60
81
39
3
0
28
1
80
29
83
0
11
0
5
74
31
88
40
31
0
21
69
13
52
73
0
12
1
48
47
81
96
29
147
39
44
30
8
4
117
19
9
10
16
2
106
80
64
1
1
147
113
23
78
26
117
0
1
26
29
13
3
54
4
31
12
1
0
0
29
143
46
61
56
61
13
8
18
35
18
1
143
73
0
33
0
32
22
1
7
12
3
25
42
87
32
131
46
18
33
1
49
116
155
1
79
148
78
126
2
9
144
56
2
144
65
18
25
102
67
120
129
26
86
26
15
5
95
0
105
66
100
33
22
14
109
30
0
102
8
149
4
76
131
59
48
107
45
75
5
40
6
21
19
70
12
5
3
1
7
1
111
129
120
15
2
2
107
128
83
30
49
44
0
49
68
5
4
28
53
4
55
156
15
5
43
0
53
119
72
160
22
133
83
37
96
55
86
70
101
60
11
71
87
38
149
62
41
15
28
1
9
138
96
104
86
67
101
11
35
19
0
36
16
30
0
3
3
5
103
58
83
50
129
9
8
42
1
63
94
7
13
154
7
91
8
115
3
6
2
122
106
7
0
54
10
157
58
41
84
3
1
90
57
0
131
55
107
0
98
37
64
9
46
4
7
76
8
28
19
5
24
8
1
8
15
5
3
13
37
50
15
0
36
79
4
20
41
22
16
25
57
73
1
5
53
102
3
3
2
105
119
71
0
0
58
8
2
147
6
22
85
17
0
19
5
142
128
52
47
30
7
104
40
7
3
9
43
139
12
69
161
42
33
137
97
68
27
101
46
85
1
6
1
37
20
89
150
154
0
118
153
151
133
82
83
15
67
40
26
0
64
47
15
48
79
4
75
11
80
11
8
127
9
0
9
8
43
3
124
42
52
45
2
61
24
50
108
115
0
88
44
135
36
4
52
2
5
9
133
16
6
52
64
0
32
163
80
158
3
16
14
19
85
3
156
1
78
76
13
34
134
61
134
6
37
15
70
146
0
0
153
75
51
11
68
115
105
120
25
119
33
64
0
20
16
80
27
87
38
4
1
4
48
135
34
34
12
2
76
0
29
95
0
81
68
75
98
10
27
17
14
151
12
98
12
27
111
16
131
134
70
17
0
2
110
160
13
42
0
88
9
82
111
82
62
39
43
110
107
55
9
6
76
143
127
164
1
153
143
4
102
144
31
48
3
101
152
5
58
34
117
7
82
129
13
79
4
70
118
168
67
8
11
3
97
25
122
8
38
43
148
40
111
2
62
15
1
93
0
54
75
12
118
25
114
12
51
7
45
1
8
55
21
16
107
19
85
85
78
19
91
45
40
12
1
129
161
6
71
3
9
92
15
6
109
23
37
2
45
25
10
3
131
44
54
2
77
107
28
15
2
139
3
41
3
1
32
57
93
11
0
121
90
91
36
52
53
42
41
67
3
46
84
87
27
5
15
5
42
3
129
39
94
4
19
60
36
19
41
0
51
23
22
10
34
57
26
126
49
14
85
78
29
0
127
25
49
20
162
34
10
4
76
45
1
3
14
0
44
102
84
0
3
142
40
43
101
72
6
91
105
11
137
104
35
7
20
16
101
91
52
1
38
56
4
1
0
21
55
109
2
21
136
89
125
15
78
47
2
0
29
67
0
16
0
1
75
2
107
5
87
11
11
0
13
0
8
19
30
23
131
35
33
78
16
1
155
1
51
3
0
70
14
26
19
0
21
41
59
85
130
29
1
83
18
30
81
0
12
113
23
15
69
50
98
19
68
0
5
131
0
36
31
60
114
37
90
48
5
18
3
83
13
8
29
73
90
73
141
27
12
136
0
134
1
46
52
6
64
27
18
10
103
105
0
140
9
2
0
18
1
40
5
27
0
15
2
67
55
138
84
7
32
12
77
11
29
8
167
10
24
131
48
132
2
117
3
9
72
26
83
1
