0
494466913046
643014106322
296387250044
484868294984
821422421862
571379413968
867631881576
223131726952
680690588042
1045391486174
477945422360
302813296948
762529672067
751396832655
608609784910
1316382924718
1006263225497
693527983356
591353687262
808652172799
547474602039
462763059533
1279908744009
773407204833
409249216548
1563754763802
554746054739
210889805559
255111706596
1338536955909
1100788647033
1198595232414
1077620503475
123555042120
1522299901986
1242428102869
844304484047
516168205512
691390157727
1236290623074
1198161617550
421842006976
534207042147
1160299173006
567229637705
1202549119105
838720518565
1680895497753
999722926611
1392350376426
1319873244214
785171590718
1013556232319
1006233524559
1240731182641
622430238444
828703616005
853544097951
511813911344
1245367849197
208074580565
641164159107
1076434570441
1039942445357
610293301182
304061184650
573584461925
160982065495
123282524585
888397745064
949935036205
1128768439046
571595334847
1363768255765
1036685881590
595505750100
862975397210
915909333840
1357373560304
256962418145
530108869160
1506858444485
1315398313325
1007220306130
775968536935
1272050127870
365654249195
439412274265
1313901313845
1187290461387
1608129779505
1292317387220
603188046868
506112956360
932870682528
372356510595
1187585837565
835894543215
774367498400
978034108625
1205916756650
251093162631
1500402863660
1000891660005
1449779318995
530680652355
739350931285
1508794527125
751312078350
943815747030
1662282573360
635042091130
1429924082705
1316610208058
393805442005
640973860200
1185237028985
672603718815
1085017868670
794393304335
735733078020
603435776386
1116282097947
1134450446949
952780380951
372140443948
1429648264912
1050904893979
443700469541
1321934529679
893266914900
1578170484137
743422654945
1136207741361
1609068500751
1813979278059
448223817375
1379587475495
1077288691560
1094527810622
1331821367499
1125972021988
1595174919189
805474620990
1378545395212
841018536370
1164564264659
775824100029
1449931021512
754512881549
860173468110
1230344109629
1159278100566
1083428668779
700349180069
768984999843
1206655797130
1175211908533
1426429180340
760716429295
1103454141126
535706141667
741388320023
788090144927
1082879277142
1364712864569
1558084055107
1332449096007
616427403074
718266001276
1029562487284
684007775917
1788221277078
1085459852556
867786034314
1661872145331
365488904261
754354050525
571431099619
1165620263758
664978366594
307799412782
305240870851
832293068891
363712938419
633112865004
1101024713661
1013286961628
702480192000
922276455992
634622797836
623021789022
917339311276
373112881500
1603128406184
1573573871628
1857294923380
192987166588
1554836268064
952079719872
598673980968
1025739098612
1111317846976
546870871890
898953672392
493552019268
1822342274496
1065174478992
1173162205496
1301173211340
1173056122036
583400024916
1318175452476
934662755764
1624596034244
737110056952
541219569460
1003933459416
556631314220
1198590801232
1039619714184
426153530008
577762912276
654928427780
543141177492
890322609408
978096882579
1601242938028
950316918112
1247338506864
1650906891348
1442076667124
1116839095852
1322590953740
1193700479044
999638408372
1454108557264
1213028039376
1224200110748
1948157362116
744390289772
838760235280
1210227703712
183384445104
817912985096
267092104636
1233827692920
605563982012
1217547639596
1304845585908
1419985879708
843183719384
