48582
48563
48507
48563
48537
33382
48548
45168
48539
48540
48591
7860
48563
41893
48534
48542
48530
48509
47143
48573
48644
29069
48567
48589
48620
48697
46243
48800
48813
48809
48873
48889
48925
48927
48986
48898
48875
48895
48898
48957
48891
48842
48804
48783
48778
48816
48793
48773
48766
48773
48844
46078
48912
48834
48829
48871
48868
48893
48955
30833
48946
48918
48962
12459
8490
36972
49015
49044
49040
49080
49042
49006
48944
48965
48907
48949
13950
48940
48937
48906
48824
48817
48871
48832
48843
48863
48853
48773
48794
48828
48869
48943
48958
48891
48938
48935
48879
48860
48826
48871
48880
48919
48981
18110
49009
49008
3153
32547
48935
48921
48978
33697
38858
48907
48878
48894
48854
28915
48879
48919
48926
48978
16810
49120
49093
49112
49138
49220
49230
49180
49091
49070
36671
49061
49004
49067
49066
49065
49014
49047
49026
49052
98
49060
27801
49098
49116
49149
21299
49119
49153
49091
49078
49162
49109
49113
49142
49132
35462
49117
49182
49183
49211
49214
37489
49308
49272
49308
49300
49261
49282
49308
49360
49308
49288
49383
49409
49444
38570
49398
49394
49412
35259
49497
22042
49448
49462
49416
49394
49407
49368
49368
49414
49430
49451
49359
49372
49363
49350
44534
49390
49476
49506
49569
49626
49577
49596
49603
49549
49510
49510
49493
49441
49419
49420
49456
49523
13043
49592
49614
49626
49580
49561
49515
17225
15005
49455
49450
49525
49515
49462
49471
49465
49446
49461
49461
49488
49509
49461
49485
49556
49604
5879
49617
49713
49670
49732
49753
49734
49683
49638
28031
49532
49555
49509
49505
43103
49486
49487
49479
49480
49456
49509
49532
33290
49564
49576
49592
49612
49539
49517
49504
49508
49556
49538
49550
49561
243
49585
49569
49557
49558
49501
49471
49495
49467
28309
49533
49547
49550
49512
49561
49577
49582
49620
49535
49533
49549
49613
41555
49630
41507
42480
49658
49697
22700
49687
49598
49566
49557
49493
49469
49485
49541
49529
40916
49701
23991
49734
49730
49730
31598
49762
49764
49741
49755
10153
38611
49775
49693
49754
49738
17514
49718
49775
49701
47605
41885
49733
49799
49775
44716
49749
49808
49885
49857
49902
49886
49857
49847
49860
49850
49804
49801
9018
49874
49916
49993
49994
49955
49941
49895
49925
49929
49970
48182
49921
49881
49901
49865
49857
49902
49901
49898
49881
49855
49843
49852
49770
49708
49655
49683
49682
49711
49751
49819
49803
49809
49864
49858
49857
49941
49927
49947
49995
50048
50038
50056
50066
50004
50050
50010
50047
50068
50011
49917
49940
49901
49931
21608
31399
50022
50027
50038
50056
38859
50109
50151
36432
50129
50148
27010
50280
4939
50331
33811
50243
50194
50202
50195
50241
50260
50218
50220
50233
50177
50173
50165
50153
50103
50062
41438
50116
50078
50109
50033
49946
49921
31915
49871
49847
49828
46890
49846
49883
49878
49849
49914
49864
49802
49878
49821
49811
49815
49750
49721
49786
49728
49708
49710
49783
49744
49762
49773
49719
49728
49689
49659
49648
49701
4391
49711
49719
49766
49750
49785
44452
49880
49845
49915
49872
44239
49825
49844
49770
49731
49695
49684
49679
49616
