6290
3532
7150
3076
-3086
2992
1113
11315
10948
10168
3888
2267
9183
792
3937
-459
1922
2408
5670
3760
7501
8245
955
8580
7869
9492
8709
9313
1847
7666
6417
-3597
2486
6694
3223
11724
8369
5568
2727
7045
9858
5112
5404
3216
8272
5604
5522
7415
8588
10063
2373
8582
-324
6774
4191
10356
4374
8312
8309
9795
7362
6554
9382
8244
14864
7392
6780
6187
11076
15117
8360
7338
3127
6204
2153
9478
7779
5720
10764
4591
13578
3855
12670
5340
6834
6590
2410
11579
13035
11696
13319
12136
3999
11701
10840
10568
5536
8690
6858
1596
5529
11468
14438
16012
3813
11555
9519
3075
7092
7351
11114
10244
12272
10965
3915
12096
3694
6187
7508
15684
8192
7323
11211
11560
6003
3196
7968
11158
1911
10278
4842
6060
4546
7222
13208
8207
11657
13760
10420
9596
5606
13729
13968
3264
9285
2557
9800
16508
6273
4753
9776
9255
9798
10027
6588
10104
8582
6186
6266
14882
12426
15140
9600
8937
4232
15040
10586
13667
3744
10572
13804
5330
6160
4896
2064
8539
-4070
11755
7263
12114
9054
4836
5450
3762
4323
7554
9189
13644
7119
4401
5846
8273
5484
8702
4110
2704
9992
10943
11694
9182
2318
10162
4302
10353
9456
3032
8044
10052
1164
8367
8379
4329
9910
7242
9684
9155
3750
470
10761
4826
9882
10557
15592
7606
12562
2752
11816
13242
2408
4580
4753
14512
7812
1516
9720
7901
5680
7858
13074
11427
2277
13615
8975
1043
7660
8154
9753
5172
1662
5423
12016
10134
13188
2176
9308
7044
1440
12298
7558
13807
5239
15938
6448
2958
5325
16654
10027
8311
4896
1478
4219
8537
4850
6201
9864
4564
7502
13530
809
4197
9773
8372
8496
9266
8135
9300
15382
12498
14274
11966
10430
10501
4460
7601
4776
8028
5170
14833
2508
11577
3006
6998
7932
15018
2276
7582
10876
6033
4681
11205
8175
13662
17394
4796
2478
1566
16114
11832
2798
5706
8766
9625
3260
6795
10288
6903
7646
12355
6456
8972
5576
2016
6863
12554
5530
10672
16118
9054
8054
6717
12289
3951
7595
14054
8843
6434
12406
2668
15943
15976
10570
6975
13155
10644
3320
7099
7509
5368
7300
2703
9639
7306
16293
6438
10336
6289
18062
6399
2426
7163
8433
7342
8020
3352
8966
7292
6650
4245
11014
7415
9400
8865
9414
6097
8612
4727
11130
3699
18830
3759
14472
8952
9995
4666
3724
10260
10873
14675
1856
6816
357
7254
7488
8793
9846
6734
10001
10138
7425
8085
8774
16032
6278
16372
8429
10888
8944
10517
12267
12608
4653
11953
1958
7536
6200
15210
11586
9730
6279
9522
12348
5088
10571
9280
5373
14511
8070
10584
2539
5776
7028
5570
490
8280
10934
6311
8648
8909
3957
6601
8227
12430
14923
8823
2439
3470
14118
10184
6557
15568
8962
10042
5640
5173
4981
8376
2892
10530
