280875 99520135
53995 99230222
35595 99230222
35462 99230222
35343 99230222
35224 99230222
35105 99230222
34987 99230222
34869 99230222
34751 99230222
34633 99230222
34515 99230222
34398 99230222
34281 99230222
34164 99230222
34047 99230222
33930 99230222
33814 99230222
33698 99230222
33582 99230222
33466 99230222
33350 99230222
33235 99230222
33120 99230222
33005 99230222
32890 99230222
32775 99230222
32661 99230222
32547 99230222
32433 99230222
32319 99230222
32205 99230222
32092 99230222
31979 99230222
31866 99230222
31753 99230222
31640 99230222
31528 99230222
31416 99230222
31304 99230222
31192 99230222
31080 99230222
30969 99230222
30858 99230222
30747 99230222
30636 99230222
30525 99230222
30415 99230222
30305 99230222
30195 99230222
30085 99230222
29975 99230222
29866 99230222
29757 99230222
29648 99230222
29539 99230222
29430 99230222
29322 99230222
29214 99230222
29106 99230222
28998 99230222
28890 99230222
28783 99230222
28676 99230222
28569 99230222
28462 99230222
28355 99230222
28249 99230222
28143 99230222
28037 99230222
27931 99230222
27825 99230222
27720 99230222
27615 99230222
27510 99230222
27405 99230222
27300 99230222
27196 99230222
27092 99230222
26988 99230222
26884 99230222
26780 99230222
26677 99230222
26574 99230222
26471 99230222
26368 99230222
26265 99230222
26163 99230222
26061 99230222
25959 99230222
25857 99230222
25755 99230222
25654 99230222
25553 99230222
25452 99230222
25351 99230222
25250 99230222
25150 99230222
25050 99230222
24950 99230222
24850 99230222
24750 99230222
24651 99230222
24552 99230222
24453 99230222
24354 99230222
24255 99230222
24157 99230222
24059 99230222
23961 99230222
23863 99230222
23765 99230222
23668 99230222
23571 99230222
23474 99230222
23377 99230222
23280 99230222
23184 99230222
23088 99230222
22992 99230222
22896 99230222
22800 99230222
22705 99230222
22610 99230222
22515 99230222
22420 99230222
22325 99230222
22231 99230222
22137 99230222
22043 99230222
21949 99230222
21855 99230222
21762 99230222
21669 99230222
21576 99230222
21483 99230222
21390 99230222
21298 99230222
21206 99230222
21114 99230222
21022 99230222
20930 99230222
20839 99230222
20748 99230222
20657 99230222
20566 99230222
20475 99230222
20385 99230222
20295 99230222
20205 99230222
20115 99230222
20025 99230222
19936 99230222
19847 99230222
19758 99230222
19669 99230222
19580 99230222
19492 99230222
19404 99230222
19316 99230222
19228 99230222
19140 99230222
19053 99230222
18966 99230222
18879 99230222
18792 99230222
18705 99230222
18619 99230222
18533 99230222
18447 99230222
18361 99230222
18275 99230222
18190 99230222
18105 99230222
18020 99230222
17935 99230222
17850 99230222
17766 99230222
17682 99230222
17598 99230222
17514 99230222
17430 99230222
17347 99230222
17264 99230222
17181 99230222
17098 99230222
17015 99230222
16933 99230222
16851 99230222
16769 99230222
16687 99230222
16605 99230222
16524 99230222
16443 99230222
16362 99230222
16281 99230222
16200 99230222
16120 99230222
16040 99230222
15960 99230222
15880 99230222
15800 99230222
15721 99230222
15642 99230222
15563 99230222
15484 99230222
15405 99230222
15327 99230222
15249 99230222
15171 99230222
15093 99230222
15015 99230222
14938 99230222
14861 99230222
14784 99230222
14707 99230222
14630 99230222
14554 99230222
14478 99230222
14402 99230222
14326 99230222
14250 99230222
14175 99230222
14100 99230222
14025 99230222
13950 99230222
13875 99230222
13801 99230222
13727 99230222
13653 99230222
13579 99230222
13505 99230222
13432 99230222
13359 99230222
13286 99230222
13213 99230222
13140 99230222
13068 99230222
12996 99230222
12924 99230222
12852 99230222
12780 99230222
12709 99230222
12638 99230222
12567 99230222
12496 99230222
12425 99230222
12355 99230222
12285 99230222
12215 99230222
12145 99230222
12075 99230222
12006 99230222
11937 99230222
11868 99230222
11799 99230222
11730 99230222
11662 99230222
11594 99230222
11526 99230222
11458 99230222
11390 99230222
11323 99230222
11256 99230222
11189 99230222
11122 99230222
11055 99230222
10989 99230222
10923 99230222
10857 99230222
10791 99230222
10725 99230222
10660 99230222
10595 99230222
10530 99230222
10465 99230222
10400 99230222
10336 99230222
10272 99230222
10208 99230222
10144 99230222
10080 99230222
10017 99230222
9954 99230222
9891 99230222
9828 99230222
9765 99230222
9703 99230222
9641 99230222
9579 99230222
9517 99230222
9455 99230222
9394 99230222
9333 99230222
9272 99230222
9211 99230222
9150 97056428
9090 97056428
9030 97056428
8970 97056428
8910 97056428
8850 97056428
8791 97056428
8732 97056428
8673 97056428
8614 97056428
8555 97056428
8497 97056428
8439 97056428
8381 97056428
8323 97056428
8265 97056428
8208 97056428
8151 97056428
8094 97056428
8037 97056428
7980 97056428
7924 97056428
7868 97056428
7812 97056428
7756 97056428
7700 97056428
7645 97056428
7590 97056428
7535 97056428
7480 97056428
7425 97056428
7371 97056428
7317 97056428
7263 97056428
7209 97056428
7155 97056428
7102 97056428
7049 97056428
6996 97056428
6943 97056428
6890 97056428
6838 97056428
6786 97056428
6734 97056428
6682 97056428
6630 97056428
6579 97056428
6528 97056428
6477 97056428
6426 97056428
6375 97056428
6325 97056428
6275 97056428
6225 97056428
6175 97056428
6125 97056428
6076 97056428
6027 97056428
5978 97056428
5929 97056428
5880 97056428
5832 97056428
5784 97056428
5736 97056428
5688 97056428
5640 97056428
5593 97056428
5546 97056428
5499 97056428
5452 97056428
5405 97056428
5359 97056428
5313 97056428
5267 97056428
5221 97056428
5175 97056428
5130 97056428
5085 97056428
5040 97056428
4995 97056428
4950 97056428
4906 97056428
4862 97056428
4818 97056428
4774 97056428
4730 97056428
4687 97056428
4644 97056428
4601 97056428
4558 97056428
4515 97056428
4473 97056428
4431 97056428
4389 97056428
4347 97056428
4305 97056428
4264 97056428
4223 97056428
4182 97056428
4141 97056428
4100 97056428
4060 97056428
4020 97056428
3980 97056428
3940 97056428
3900 97056428
3861 97056428
3822 97056428
3783 97056428
3744 97056428
3705 97056428
3667 97056428
3629 97056428
3591 97056428
3553 97056428
3515 94274350
3478 94274350
3441 94274350
3404 94274350
3367 94274350
3330 94274350
3294 94274350
3258 94274350
3222 94274350
3186 94274350
3150 94274350
3115 94274350
3080 94274350
3045 94274350
3010 94274350
2975 94274350
2941 94274350
2907 94274350
2873 94274350
2839 94274350
2805 94274350
2772 94274350
2739 94274350
2706 94274350
2673 86895109
2640 86895109
2608 86895109
2576 86895109
2544 86895109
2512 86895109
2480 86895109
2449 86895109
2418 86895109
2387 86895109
2356 86895109
2325 86895109
2295 86895109
2265 86895109
2235 86895109
2205 86895109
2175 86895109
2146 86895109
2117 86895109
2088 86895109
2059 86895109
2030 86895109
2002 86895109
1974 86895109
1946 86895109
1918 86895109
1890 86895109
1863 86895109
1836 86895109
1809 86895109
1782 86895109
1755 86895109
1729 86895109
1703 86895109
1677 86895109
1651 86895109
1625 86895109
1600 86895109
1575 86895109
1550 86895109
1525 86895109
1500 86895109
1476 86895109
1452 86895109
1428 86895109
1404 83340640
1380 83340640
1357 83340640
1334 83340640
1311 83340640
1288 83340640
1265 83340640
1243 83340640
1221 83340640
1199 83340640
1177 83340640
1155 83340640
1134 83340640
1113 83340640
1092 83340640
1071 83340640
1050 83340640
1030 83340640
1010 83340640
990 83340640
970 83340640
950 83340640
931 83340640
912 83340640
893 83340640
874 83340640
855 83340640
837 83340640
819 83340640
801 83340640
783 83340640
765 83340640
748 83340640
731 83340640
714 83340640
697 83340640
680 83340640
664 83340640
648 83340640
632 83340640
616 83340640
600 83340640
585 83340640
570 83340640
555 83340640
540 83340640
525 83340640
511 83340640
497 83340640
483 83340640
469 83340640
455 83340640
442 83340640
429 83340640
416 83340640
403 83340640
390 83340640
378 83340640
366 83340640
354 83340640
342 83340640
330 83340640
319 83340640
308 83340640
297 83340640
286 83340640
275 83340640
265 83340640
255 83340640
245 83340640
235 83340640
225 83340640
216 83340640
207 83340640
198 83340640
189 83340640
180 83340640
172 83340640
164 83340640
156 83340640
148 83340640
140 83340640
133 83340640
126 83340640
119 83340640
112 83340640
105 83340640
99 83340640
93 83340640
87 83340640
81 83340640
75 83340640
70 83340640
65 83340640
60 83340640
55 83340640
50 83340640
46 75054400
42 75054400
38 75054400
34 75054400
30 75054400
27 62171200
24 62171200
21 62171200
18 62171200
15 62171200
13 47811522
11 47811522
9 47811522
7 34917667
5 15414732
4 15414732
3 15414732
2 15414732
1 -3530642
0 0
0 0
0 0
0 0
0 0
0 0
0 0
0 0
0 0
0 0
0 0
0 0
0 0
0 0
0 0
0 0
0 0
0 0
0 0
0 0
0 0
0 0
0 0
0 0
0 0
0 0
0 0
0 0
0 0
0 0
0 0
0 0
0 0
0 0
0 0
0 0
0 0
0 0
0 0
0 0
0 0
0 0
0 0
0 0
0 0
0 0
0 0
0 0
0 0
0 0
0 0
0 0
0 0
0 0
0 0
0 0
0 0
0 0
0 0
0 0
0 0
0 0
0 0
0 0
0 0
0 0
0 0
0 0
0 0
0 0
0 0
0 0
0 0
0 0
0 0
0 0
0 0
0 0
0 0
0 0
0 0
0 0
0 0
0 0
0 0
0 0
0 0
0 0
0 0
0 0
0 0
0 0
0 0
0 0
0 0
0 0
0 0
0 0
0 0
0 0
0 0
0 0
0 0
0 0
0 0
0 0
0 0
0 0
0 0
0 0
0 0
0 0
0 0
0 0
0 0
0 0
0 0
0 0
0 0
0 0
0 0
0 0
0 0
0 0
0 0
0 0
0 0
0 0
0 0
0 0
0 0
0 0
0 0
0 0
0 0
0 0
0 0
0 0
0 0
0 0
0 0
0 0
0 0
0 0
0 0
0 0
0 0
0 0
0 0
0 0
0 0
0 0
0 0
0 0
