48582
48563
48507
48563
48537
33450
48705
49639
0
0
0
0
0
0
0
0
0
0
0
0
0
0
0
0
0
0
0
0
0
0
0
0
0
0
0
0
0
0
0
0
0
0
0
0
0
0
0
0
0
0
0
0
0
0
0
0
0
48875
49632
0
0
0
0
0
0
0
0
0
0
0
0
0
0
0
0
0
0
0
0
0
49059
49863
0
0
49059
50068
0
0
0
0
0
48746
50319
0
0
0
0
0
0
0
0
0
0
0
0
0
0
0
0
0
0
0
0
0
0
0
0
0
0
0
0
0
0
0
0
0
0
48872
0
0
0
0
0
0
0
0
0
0
0
0
0
0
0
50330
0
0
0
0
0
0
0
0
0
49059
0
0
0
0
49066
0
0
0
0
0
0
0
0
0
0
0
0
0
0
0
0
0
0
0
0
0
0
0
0
0
0
0
0
0
49179
50505
51935
0
0
0
0
0
49258
4378
0
0
0
0
0
0
0
0
0
0
0
0
0
0
0
0
0
0
0
0
0
0
0
0
0
0
0
0
0
0
49335
52494
0
0
0
0
0
0
0
0
49458
52513
0
0
0
0
0
0
0
0
0
0
0
0
0
0
0
0
0
0
0
0
0
0
0
0
0
0
0
0
0
0
0
49170
52782
0
0
0
0
0
52982
0
0
0
0
0
49305
40809
0
0
0
0
0
0
0
0
0
49187
53663
0
0
0
0
49238
0
0
0
0
0
0
0
0
0
0
0
0
0
0
0
49481
0
0
0
0
0
0
0
0
0
0
0
49598
22048
0
0
0
0
0
0
0
0
0
0
0
0
0
0
0
0
0
49667
54739
0
0
0
0
0
0
0
0
0
49434
39339
0
0
0
0
0
0
0
0
0
0
49762
55476
0
49521
56304
0
49521
57243
0
0
0
0
0
0
49772
57453
0
0
49421
58427
0
0
0
0
0
49434
54980
0
49334
59831
0
0
0
0
0
0
0
49884
60204
0
0
0
49708
60399
0
0
0
0
0
0
0
0
0
0
0
0
0
0
0
0
0
0
0
0
0
0
0
0
0
0
0
0
0
0
0
0
0
0
0
0
0
0
0
0
49429
61365
0
0
0
0
0
0
0
0
49927
33662
0
0
0
0
0
0
0
0
49825
61817
0
0
49421
62667
0
0
0
0
0
49799
0
0
0
0
0
0
0
0
0
0
0
0
0
