0
0
0
0
0
19
0
0
0
0
0
0
0
0
0
0
0
1485
826
85
483
0
0
692
885
1243
0
1035
0
0
338
115
1103
1550
0
335
462
0
44
0
1568
512
348
0
0
0
2786
21
0
422
0
0
1629
0
0
798
2785
2814
2059
211
0
0
0
0
0
0
0
0
0
0
0
0
379
0
0
601
0
0
0
0
0
0
0
0
0
0
0
0
0
0
0
0
69
0
0
0
245
12
0
0
0
0
0
0
0
0
0
0
924
0
0
0
0
0
0
0
0
0
0
0
0
0
0
139
203
718
745
2802
1370
197
1830
239
0
2244
103
585
707
0
0
141
0
0
211
1389
208
0
0
0
3319
3299
620
0
0
0
203
0
0
0
0
0
0
0
365
0
0
3
4257
1167
843
946
1000
868
46
112
0
0
0
0
0
0
0
0
0
0
4
1596
0
1741
1386
608
611
618
425
0
1191
826
0
0
0
0
60
0
267
0
0
0
0
2233
0
0
1773
221
496
268
0
662
662
0
0
598
0
0
0
879
0
1006
128
344
344
0
0
0
0
0
0
0
0
0
243
0
262
0
0
0
0
0
1544
141
0
99
0
0
0
0
144
0
0
0
126
0
0
126
0
0
0
1389
223
221
2483
0
1952
391
0
397
729
490
0
0
526
263
28
3817
1189
972
0
0
0
985
2179
1025
146
1269
0
854
854
0
0
0
0
489
489
0
0
0
0
0
0
0
0
0
0
0
0
0
0
0
0
0
0
0
669
0
0
0
0
0
0
0
0
0
0
67
405
2746
2683
3568
1162
1830
2354
0
268
0
3
0
0
0
0
0
0
0
0
0
0
0
0
0
0
0
0
1710
0
0
0
0
0
0
0
0
0
0
0
0
0
37
0
0
0
0
0
557
468
0
2363
0
0
0
0
0
587
0
865
22
0
0
134
931
0
1211
0
1187
0
0
0
0
0
93
0
0
0
154
455
0
365
0
0
0
0
0
0
0
0
0
0
0
0
2780
0
2722
2125
64
905
0
1189
0
0
0
0
0
0
939
2005
1553
1958
0
900
114
426
548
0
0
1030
0
0
440
88
0
0
0
129
840
0
342
2313
2027
1335
0
3324
0
23
0
0
41
0
190
539
59
0
0
190
0
0
0
0
0
1279
0
0
308
3073
4846
406
684
4002
3521
3917
0
11
568
487
969
0
0
1357
0
204
255
632
568
89
632
118
0
0
0
0
0
0
0
0
0
0
0
1063
1845
0
834
300
598
0
0
0
0
0
0
0
124
138
0
0
0
0
0
0
0
0
2439
886
336
2215
2310
0
0
0
1896
37
1896
0
525
169
1896
0
0
0
0
0
0
349
0
1849
337
0
0
0
0
0
2050
2802
0
552
1655
1632
751
2849
847
790
0
0
258
0
0
0
0
0
2141
2299
971
1343
1161
1166
0
0
0
38
0
0
0
3072
0
0
0
0
0
0
0
0
0
0
0
0
0
0
0
0
0
0
869
0
0
0
0
695
1516
1277
0
0
482
0
3646
0
1984
1644
3365
2123
1535
1672
2396
0
2052
1363
0
0
731
0
2821
1801
1363
0
2339
2958
0
5376
3793
456
0
49
1189
301
2070
3470
2
0
0
0
0
0
0
0
0
99
0
211
0
659
0
1039
0
1039
0
0
0
0
0
0
0
0
0
0
762
762
762
0
561
1446
0
0
0
0
171
1535
835
0
0
368
0
0
0
0
0
0
0
0
0
0
0
0
0
0
0
0
0
676
0
32
0
655
0
1037
0
0
0
0
234
234
0
0
0
0
0
945
1211
1211
0
1084
0
1117
0
251
0
0
265
0
0
0
0
0
0
615
0
0
0
0
1338
1571
0
571
518
122
0
1284
782
3913
0
3078
535
659
741
141
741
0
0
0
0
0
0
524
0
0
0
0
0
0
0
0
0
0
0
0
0
0
0
0
0
0
0
809
590
0
809
0
0
0
0
0
0
617
1538
1633
226
0
113
1276
0
2157
0
0
0
0
0
0
0
90
351
351
1324
351
351
0
0
0
85
0
0
0
0
0
0
0
0
0
0
0
44
0
0
115
0
912
482
912
678
155
0
912
0
340
0
0
0
0
0
0
0
0
0
1644
903
0
913
0
0
913
249
0
0
0
0
0
0
0
0
0
1093
999
769
0
0
0
0
2326
1544
0
0
0
0
0
0
0
11
0
0
0
0
0
0
0
0
275
0
603
3553
1132
3825
1058
0
0
560
0
2060
0
179
0
0
0
0
0
0
0
0
83
0
0
0
0
1691
0
0
632
1190
0
0
0
0
3017
0
3837
4596
2771
4610
444
1317
497
2278
6
0
257
3883
2799
2014
3049
4975
2868
39
253
305
0
697
0
752
0
1312
0
0
0
0
604
328
1517
0
0
0
0
567
2565
706
0
415
0
366
34
105
1263
1397
625
0
0
0
0
0
0
0
0
0
0
0
0
0
0
0
0
0
0
0
0
0
1648
1409
0
0
0
295
0
0
0
0
0
1125
1230
0
0
0
1821
0
457
0
0
0
0
0
0
0
0
0
0
0
0
0
0
0
0
0
367
2282
2527
0
0
0
0
0
0
9
0
0
0
0
0
2291
552
361
0
2440
1619
5072
233
1724
0
1021
3058
297
497
2523
59
859
996
105
0
0
0
514
2121
3129
3265
0
0
0
0
0
0
0
0
0
0
0
0
0
0
0
0
0
0
0
0
0
0
0
1229
2113
1852
1947
779
0
0
0
910
0
60
0
0
0
0
0
141
463
463
28
2
995
0
0
6
0
0
0
0
0
0
0
0
1823
912
0
317
0
78
0
0
0
0
0
0
0
0
0
1506
1466
377
3206
868
0
0
0
0
0
0
0
0
0
0
0
5805
3121
2850
1578
388
253
386
0
1338
2
2806
1536
1248
1368
0
1248
1407
0
48
2699
917
1
0
0
0
0
73
0
0
0
0
0
0
0
0
0
0
0
0
0
0
0
0
0
0
0
1286
0
0
0
0
0
242
0
242
2918
0
0
0
0
0
0
752
1149
1428
712
0
0
0
0
284
0
0
202
442
410
2274
3193
756
22
0
0
245
219
0
1059
3928
0
0
0
0
0
0
0
0
0
0
655
549
0
0
1383
0
0
0
0
961
2737
0
230
0
0
0
0
3796
786
847
0
261
52
330
0
765
17
0
602
1225
0
0
0
0
102
0
3553
2129
1081
0
708
2612
860
0
1429
211
0
0
0
0
0
32
0
0
0
0
384
70
70
0
0
0
0
0
0
183
0
0
0
0
0
0
0
0
0
0
0
0
423
686
1050
129
2227
1784
0
160
289
0
0
289
232
0
2614
0
0
0
0
1042
4198
1610
0
241
0
0
0
0
0
0
0
0
0
0
0
0
0
2722
868
1844
0
924
657
862
0
0
0
0
0
617
128
0
0
0
0
0
0
525
1554
2755
1495
633
1495
316
559
354
226
677
603
2000
76
354
2578
2335
3701
0
3426
4166
1399
3772
0
0
0
61
728
183
0
0
0
0
0
3819
1140
544
751
0
1146
0
366
1263
1429
0
181
0
0
251
1937
0
772
0
0
75
31
515
0
407
1503
1111
0
429
0
0
20
0
860
1354
6
199
234
2079
3136
3492
11
989
0
2507
0
0
0
3964
3702
0
0
282
0
0
618
0
302
1896
0
119
388
0
0
0
0
0
0
0
0
0
0
0
0
999
395
350
1977
0
0
0
517
0
0
2705
2705
0
126
0
1772
0
0
0
0
0
2236
94
759
0
0
834
799
2577
278
194
549
0
105
0
0
0
0
0
0
0
0
22
270
168
1625
0
0
0
0
0
2953
791
0
615
523
620
1996
0
1673
0
2776
6053
2103
0
0
0
0
0
0
0
0
0
67
0
663
330
282
0
1454
1026
0
0
0
0
0
0
0
246
465
0
1470
0
0
0
0
0
0
439
0
0
1080
1699
0
386
1073
1960
4310
773
0
0
0
0
0
0
0
0
0
0
0
0
0
0
0
0
0
0
427
0
163
495
0
0
495
4733
1412
882
882
0
0
625
1876
0
0
0
0
0
0
0
0
0
0
0
1343
2122
0
1174
0
0
0
1151
0
2031
656
0
0
2328
1079
179
0
1989
266
2066
0
0
0
0
0
0
0
2583
0
0
2315
280
3388
3026
0
532
107
0
0
91
0
0
107
0
107
107
0
0
0
107
0
0
0
0
0
0
0
3054
801
0
54
0
0
1429
1964
4896
0
1640
1005
718
1480
936
0
0
0
0
210
1640
891
6240
1873
0
0
1045
0
1829
1114
482
110
110
0
0
4769
3942
248
333
0
333
0
0
0
0
0
0
0
0
0
0
0
3850
675
1342
36
188
2072
0
2564
0
266
15
0
0
0
0
0
0
0
0
513
0
0
0
0
0
14
0
1378
0
1432
0
0
0
345
424
0
575
133
221
593
956
0
0
0
0
0
0
0
0
201
0
0
182
1002
61
132
132
3210
1994
3478
0
494
782
762
676
522
0
375
0
0
0
0
0
0
0
0
0
0
0
831
0
1010
520
0
1946
462
1146
528
671
671
0
671
0
0
566
0
0
0
0
574
0
3520
331
0
0
362
0
0
166
1359
3868
0
0
751
0
0
0
0
80
3830
261
0
749
487
0
398
0
898
1075
0
0
0
0
0
0
884
126
884
144
0
0
0
0
0
678
678
0
0
0
0
0
0
0
644
0
644
498
0
0
223
0
54
0
0
1956
183
276
0
0
0
0
0
0
1714
1616
1616
52
0
0
0
87
0
0
0
0
0
0
939
1667
0
0
0
1394
0
0
2189
60
1445
3150
1163
0
0
0
0
0
0
212
2400
2743
0
50
1312
2782
0
31
288
79
0
0
0
0
0
0
0
0
4241
4560
2380
1613
0
0
0
0
0
0
453
0
0
0
0
0
0
0
0
0
3509
872
73
0
0
0
0
0
0
0
0
0
0
0
0
678
0
0
1036
136
284
904
2985
0
0
116
116
116
116
0
0
0
0
0
0
0
594
117
0
0
0
0
0
697
90
3349
3792
2153
2123
34
570
2123
2123
3625
1440
2259
3286
1887
260
0
0
3201
2619
1567
1352
0
0
0
0
0
3692
875
1240
1106
357
0
0
0
914
0
1998
1052
1915
186
122
1223
1231
454
3102
1535
0
0
0
0
0
0
0
0
0
0
0
0
0
0
0
0
0
0
0
0
1212
0
0
0
2373
0
0
329
0
0
172
2957
0
0
0
0
0
1154
1304
428
0
3399
801
55
174
0
147
0
0
0
0
0
0
0
0
0
0
116
0
21
0
0
0
0
0
21
41
0
0
0
0
0
0
262
1506
2823
0
297
0
297
0
629
0
3571
3675
0
0
0
0
0
0
552
0
47
2120
191
0
0
1612
314
1564
0
0
0
0
1707
0
0
0
0
0
2340
0
0
0
0
0
0
0
0
0
12
0
0
0
0
0
0
895
0
0
0
0
0
0
0
0
0
59
0
0
0
0
0
0
330
0
0
1024
250
1131
0
1260
3632
0
1379
221
0
614
0
0
0
664
0
2114
3704
2096
0
0
0
0
2639
3458
0
0
0
0
0
0
26
0
0
1309
0
0
1598
172
0
1307
1904
361
46
0
0
0
0
0
0
0
0
0
0
0
0
0
0
0
26
0
0
0
0
41
825
0
1573
1194
