0
0
0
0
0
0
124
13
0
0
0
32
154
71
0
0
0
0
0
0
3
0
0
0
0
0
0
0
0
0
0
0
0
0
0
0
0
0
0
0
0
0
0
0
0
77
161
46
0
58
0
35
286
0
194
587
0
0
0
53
53
0
470
382
25
90
175
133
133
78
0
0
0
0
0
0
0
0
0
53
0
0
0
326
223
16
0
26
0
0
0
104
14
0
0
0
0
115
0
0
0
0
0
0
5
0
163
198
0
0
0
0
464
68
0
103
0
0
63
42
304
574
447
44
0
34
0
236
452
271
0
518
0
0
0
0
0
70
222
0
0
0
0
27
87
0
11
0
0
0
0
0
199
0
0
86
86
86
86
76
140
50
0
0
0
0
0
0
0
6
0
0
0
0
31
0
0
0
0
104
0
151
32
215
150
0
0
0
0
121
17
0
92
0
0
35
0
0
0
0
0
0
0
0
157
157
0
414
0
201
138
0
0
0
25
0
0
0
0
0
0
0
0
0
0
0
0
0
0
0
0
72
0
0
25
0
111
305
0
25
0
0
3
0
102
223
0
0
280
0
0
0
0
67
167
135
38
0
0
0
0
0
0
11
4
0
81
81
0
0
37
44
0
0
0
0
0
0
0
0
0
0
0
0
0
0
104
120
16
0
0
0
0
0
0
0
0
0
96
225
225
98
125
19
0
0
0
0
0
393
0
0
0
0
0
0
0
370
9
29
9
0
23
23
0
0
4
16
0
0
0
0
0
